# JRE version: Java(TM) SE Runtime Environment (8.0_66-b17) (build 1.8.0_66-b17)
# Java VM: Java HotSpot(TM) 64-Bit Server VM (25.66-b17 mixed mode linux-amd64 compressed oops)
Heap:
 PSYoungGen      total 18432K, used 6360K [0x00000000ebe00000, 0x00000000ed280000, 0x0000000100000000)
  eden space 15872K, 26% used [0x00000000ebe00000,0x00000000ec226238,0x00000000ecd80000)
  from space 2560K, 82% used [0x00000000ed000000,0x00000000ed210030,0x00000000ed280000)
  to   space 2560K, 0% used [0x00000000ecd80000,0x00000000ecd80000,0x00000000ed000000)
 ParOldGen       total 42496K, used 40K [0x00000000c3a00000, 0x00000000c6380000, 0x00000000ebe00000)
  object space 42496K, 0% used [0x00000000c3a00000,0x00000000c3a0a000,0x00000000c6380000)
 Metaspace       used 8487K, capacity 8742K, committed 9088K, reserved 1056768K
  class space    used 945K, capacity 1029K, committed 1152K, reserved 1048576K
GC Heap History (8 events):
Event: 214.596 GC heap before
{Heap before GC invocations=1 (full 0):
 PSYoungGen      total 18432K, used 15872K [0x00000000ebe00000, 0x00000000ed280000, 0x0000000100000000)
  eden space 15872K, 100% used [0x00000000ebe00000,0x00000000ecd80000,0x00000000ecd80000)
  from space 2560K, 0% used [0x00000000ed000000,0x00000000ed000000,0x00000000ed280000)
  to   space 2560K, 0% used [0x00000000ecd80000,0x00000000ecd80000,0x00000000ed000000)
 ParOldGen       total 42496K, used 0K [0x00000000c3a00000, 0x00000000c6380000, 0x00000000ebe00000)
  object space 42496K, 0% used [0x00000000c3a00000,0x00000000c3a00000,0x00000000c6380000)
 Metaspace       used 8156K, capacity 8370K, committed 8448K, reserved 1056768K
  class space    used 925K, capacity 999K, committed 1024K, reserved 1048576K
Event: 214.600 GC heap after
Heap after GC invocations=1 (full 0):
 PSYoungGen      total 18432K, used 2129K [0x00000000ebe00000, 0x00000000ed280000, 0x0000000100000000)
  eden space 15872K, 0% used [0x00000000ebe00000,0x00000000ebe00000,0x00000000ecd80000)
  from space 2560K, 83% used [0x00000000ecd80000,0x00000000ecf94760,0x00000000ed000000)
  to   space 2560K, 0% used [0x00000000ed000000,0x00000000ed000000,0x00000000ed280000)
 ParOldGen       total 42496K, used 16K [0x00000000c3a00000, 0x00000000c6380000, 0x00000000ebe00000)
  object space 42496K, 0% used [0x00000000c3a00000,0x00000000c3a04000,0x00000000c6380000)
 Metaspace       used 8156K, capacity 8370K, committed 8448K, reserved 1056768K
  class space    used 925K, capacity 999K, committed 1024K, reserved 1048576K
}
Event: 226.981 GC heap before
{Heap before GC invocations=2 (full 0):
 PSYoungGen      total 18432K, used 18001K [0x00000000ebe00000, 0x00000000ed280000, 0x0000000100000000)
  eden space 15872K, 100% used [0x00000000ebe00000,0x00000000ecd80000,0x00000000ecd80000)
  from space 2560K, 83% used [0x00000000ecd80000,0x00000000ecf94760,0x00000000ed000000)
  to   space 2560K, 0% used [0x00000000ed000000,0x00000000ed000000,0x00000000ed280000)
 ParOldGen       total 42496K, used 16K [0x00000000c3a00000, 0x00000000c6380000, 0x00000000ebe00000)
  object space 42496K, 0% used [0x00000000c3a00000,0x00000000c3a04000,0x00000000c6380000)
 Metaspace       used 8373K, capacity 8614K, committed 8832K, reserved 1056768K
  class space    used 945K, capacity 1029K, committed 1152K, reserved 1048576K
Event: 226.991 GC heap after
Heap after GC invocations=2 (full 0):
 PSYoungGen      total 18432K, used 1792K [0x00000000ebe00000, 0x00000000ed280000, 0x0000000100000000)
  eden space 15872K, 0% used [0x00000000ebe00000,0x00000000ebe00000,0x00000000ecd80000)
  from space 2560K, 70% used [0x00000000ed000000,0x00000000ed1c0020,0x00000000ed280000)
  to   space 2560K, 0% used [0x00000000ecd80000,0x00000000ecd80000,0x00000000ed000000)
 ParOldGen       total 42496K, used 24K [0x00000000c3a00000, 0x00000000c6380000, 0x00000000ebe00000)
  object space 42496K, 0% used [0x00000000c3a00000,0x00000000c3a06000,0x00000000c6380000)
 Metaspace       used 8373K, capacity 8614K, committed 8832K, reserved 1056768K
  class space    used 945K, capacity 1029K, committed 1152K, reserved 1048576K
}
Event: 248.879 GC heap before
{Heap before GC invocations=3 (full 0):
 PSYoungGen      total 18432K, used 17664K [0x00000000ebe00000, 0x00000000ed280000, 0x0000000100000000)
  eden space 15872K, 100% used [0x00000000ebe00000,0x00000000ecd80000,0x00000000ecd80000)
  from space 2560K, 70% used [0x00000000ed000000,0x00000000ed1c0020,0x00000000ed280000)
  to   space 2560K, 0% used [0x00000000ecd80000,0x00000000ecd80000,0x00000000ed000000)
 ParOldGen       total 42496K, used 24K [0x00000000c3a00000, 0x00000000c6380000, 0x00000000ebe00000)
  object space 42496K, 0% used [0x00000000c3a00000,0x00000000c3a06000,0x00000000c6380000)
 Metaspace       used 8411K, capacity 8678K, committed 8832K, reserved 1056768K
  class space    used 945K, capacity 1029K, committed 1152K, reserved 1048576K
Event: 248.888 GC heap after
Heap after GC invocations=3 (full 0):
 PSYoungGen      total 18432K, used 2032K [0x00000000ebe00000, 0x00000000ed280000, 0x0000000100000000)
  eden space 15872K, 0% used [0x00000000ebe00000,0x00000000ebe00000,0x00000000ecd80000)
  from space 2560K, 79% used [0x00000000ecd80000,0x00000000ecf7c020,0x00000000ed000000)
  to   space 2560K, 0% used [0x00000000ed000000,0x00000000ed000000,0x00000000ed280000)
 ParOldGen       total 42496K, used 32K [0x00000000c3a00000, 0x00000000c6380000, 0x00000000ebe00000)
  object space 42496K, 0% used [0x00000000c3a00000,0x00000000c3a08000,0x00000000c6380000)
 Metaspace       used 8411K, capacity 8678K, committed 8832K, reserved 1056768K
  class space    used 945K, capacity 1029K, committed 1152K, reserved 1048576K
}
Event: 271.078 GC heap before
{Heap before GC invocations=4 (full 0):
 PSYoungGen      total 18432K, used 17904K [0x00000000ebe00000, 0x00000000ed280000, 0x0000000100000000)
  eden space 15872K, 100% used [0x00000000ebe00000,0x00000000ecd80000,0x00000000ecd80000)
  from space 2560K, 79% used [0x00000000ecd80000,0x00000000ecf7c020,0x00000000ed000000)
  to   space 2560K, 0% used [0x00000000ed000000,0x00000000ed000000,0x00000000ed280000)
 ParOldGen       total 42496K, used 32K [0x00000000c3a00000, 0x00000000c6380000, 0x00000000ebe00000)
  object space 42496K, 0% used [0x00000000c3a00000,0x00000000c3a08000,0x00000000c6380000)
 Metaspace       used 8487K, capacity 8742K, committed 9088K, reserved 1056768K
  class space    used 945K, capacity 1029K, committed 1152K, reserved 1048576K
Event: 271.091 GC heap after
Heap after GC invocations=4 (full 0):
 PSYoungGen      total 18432K, used 2112K [0x00000000ebe00000, 0x00000000ed280000, 0x0000000100000000)
  eden space 15872K, 0% used [0x00000000ebe00000,0x00000000ebe00000,0x00000000ecd80000)
  from space 2560K, 82% used [0x00000000ed000000,0x00000000ed210030,0x00000000ed280000)
  to   space 2560K, 0% used [0x00000000ecd80000,0x00000000ecd80000,0x00000000ed000000)
 ParOldGen       total 42496K, used 40K [0x00000000c3a00000, 0x00000000c6380000, 0x00000000ebe00000)
  object space 42496K, 0% used [0x00000000c3a00000,0x00000000c3a0a000,0x00000000c6380000)
 Metaspace       used 8487K, capacity 8742K, committed 9088K, reserved 1056768K
  class space    used 945K, capacity 1029K, committed 1152K, reserved 1048576K
}

